2019-04-12 14:50:21,715 ERROR 7236 nodejs.unhandledExceptionError: read ECONNRESET
    at _errnoException (util.js:1022:11)
    at TCP.onread (net.js:628:25)
code: "ECONNRESET"
errno: "ECONNRESET"
syscall: "read"
name: "unhandledExceptionError"
pid: 7236
hostname: AFOED-904081130

2019-04-12 15:58:43,808 ERROR 6980 [-/::1/-/3ms GET /] nodejs.Template render error: (E:\GitHub\egg-2.x-\app\view\index\index.html)
  Error: expected end of comment, got end of file
  Error: expected end of comment, got end of file
    at Object._prettifyError (E:\GitHub\egg-2.x-\node_modules\_nunjucks@3.2.0@nunjucks\src\lib.js:36:11)
    at Template.render (E:\GitHub\egg-2.x-\node_modules\_nunjucks@3.2.0@nunjucks\src\environment.js:542:21)
    at E:\GitHub\egg-2.x-\node_modules\_nunjucks@3.2.0@nunjucks\src\environment.js:366:27
    at createTemplate (E:\GitHub\egg-2.x-\node_modules\_nunjucks@3.2.0@nunjucks\src\environment.js:315:9)
    at handle (E:\GitHub\egg-2.x-\node_modules\_nunjucks@3.2.0@nunjucks\src\environment.js:327:11)
    at E:\GitHub\egg-2.x-\node_modules\_nunjucks@3.2.0@nunjucks\src\environment.js:339:9
    at next (E:\GitHub\egg-2.x-\node_modules\_nunjucks@3.2.0@nunjucks\src\lib.js:280:7)
    at Object.asyncIter (E:\GitHub\egg-2.x-\node_modules\_nunjucks@3.2.0@nunjucks\src\lib.js:286:3)
    at NunjucksEnvironment.getTemplate (E:\GitHub\egg-2.x-\node_modules\_nunjucks@3.2.0@nunjucks\src\environment.js:321:9)
    at NunjucksEnvironment.render (E:\GitHub\egg-2.x-\node_modules\_nunjucks@3.2.0@nunjucks\src\environment.js:360:10)
name: "Template render error"
pid: 6980
hostname: AFOED-904081130

2019-04-15 17:17:52,815 ERROR 1688 [-/127.0.0.1/-/1ms GET /libExtend] nodejs.AssertionError [ERR_ASSERTION]: Can't find libExtend/libExtend.html from E:\GitHub\egg-2.x-\app\view
    at Map.resolve (E:\GitHub\egg-2.x-\node_modules\_egg-view@2.1.2@egg-view\lib\view_manager.js:74:5)
    at <anonymous>
generatedMessage: false
name: "AssertionError [ERR_ASSERTION]"
code: "ERR_ASSERTION"
actual: undefined
expected: true
operator: "=="
pid: 1688
hostname: AFOED-904081130

2019-04-15 17:17:55,534 ERROR 1688 [-/127.0.0.1/-/1ms GET /libExtend] nodejs.AssertionError [ERR_ASSERTION]: Can't find libExtend/libExtend.html from E:\GitHub\egg-2.x-\app\view
    at Map.resolve (E:\GitHub\egg-2.x-\node_modules\_egg-view@2.1.2@egg-view\lib\view_manager.js:74:5)
    at <anonymous>
generatedMessage: false
name: "AssertionError [ERR_ASSERTION]"
code: "ERR_ASSERTION"
actual: undefined
expected: true
operator: "=="
pid: 1688
hostname: AFOED-904081130

2019-04-15 17:24:11,278 ERROR 7660 nodejs.unhandledExceptionError: read ECONNRESET
    at _errnoException (util.js:1022:11)
    at TCP.onread (net.js:628:25)
code: "ECONNRESET"
errno: "ECONNRESET"
syscall: "read"
name: "unhandledExceptionError"
pid: 7660
hostname: AFOED-904081130

2019-04-15 17:24:14,950 ERROR 9760 nodejs.TypeError: this.ctxExtend is not a function
    at NewsService.changeStr (E:\GitHub\egg-2.x-\app\service\libExtend.js:11:27)
    at HomeController.index (E:\GitHub\egg-2.x-\app\controller\libExtend.js:7:45)
    at Object.callFn (E:\GitHub\egg-2.x-\node_modules\_egg-core@4.16.1@egg-core\lib\utils\index.js:44:21)
    at Object.classControllerMiddleware (E:\GitHub\egg-2.x-\node_modules\_egg-core@4.16.1@egg-core\lib\loader\mixin\controller.js:87:20)
    at Object.callFn (E:\GitHub\egg-2.x-\node_modules\_@eggjs_router@2.0.0@@eggjs\router\lib\utils.js:12:21)
    at wrappedController (E:\GitHub\egg-2.x-\node_modules\_@eggjs_router@2.0.0@@eggjs\router\lib\egg_router.js:322:18)
    at dispatch (E:\GitHub\egg-2.x-\node_modules\_koa-compose@3.2.1@koa-compose\index.js:44:32)
    at next (E:\GitHub\egg-2.x-\node_modules\_koa-compose@3.2.1@koa-compose\index.js:45:18)
    at E:\GitHub\egg-2.x-\node_modules\_@eggjs_router@2.0.0@@eggjs\router\lib\router.js:190:18
    at dispatch (E:\GitHub\egg-2.x-\node_modules\_koa-compose@3.2.1@koa-compose\index.js:44:32)

pid: 9760
hostname: AFOED-904081130

2019-04-15 17:24:14,956 ERROR 9760 [-/127.0.0.1/-/7ms GET /libExtend] nodejs.AssertionError [ERR_ASSERTION]: Can't find libExtend/libExtend.html from E:\GitHub\egg-2.x-\app\view
    at Map.resolve (E:\GitHub\egg-2.x-\node_modules\_egg-view@2.1.2@egg-view\lib\view_manager.js:74:5)
    at <anonymous>
generatedMessage: false
name: "AssertionError [ERR_ASSERTION]"
code: "ERR_ASSERTION"
actual: undefined
expected: true
operator: "=="
pid: 9760
hostname: AFOED-904081130

2019-04-15 17:25:58,572 ERROR 9640 nodejs.TypeError: this.ctxExtend is not a function
    at NewsService.changeStr (E:\GitHub\egg-2.x-\app\service\libExtend.js:11:27)
    at LibExtendController.index (E:\GitHub\egg-2.x-\app\controller\libExtend.js:7:45)
    at Object.callFn (E:\GitHub\egg-2.x-\node_modules\_egg-core@4.16.1@egg-core\lib\utils\index.js:44:21)
    at Object.classControllerMiddleware (E:\GitHub\egg-2.x-\node_modules\_egg-core@4.16.1@egg-core\lib\loader\mixin\controller.js:87:20)
    at Object.callFn (E:\GitHub\egg-2.x-\node_modules\_@eggjs_router@2.0.0@@eggjs\router\lib\utils.js:12:21)
    at wrappedController (E:\GitHub\egg-2.x-\node_modules\_@eggjs_router@2.0.0@@eggjs\router\lib\egg_router.js:322:18)
    at dispatch (E:\GitHub\egg-2.x-\node_modules\_koa-compose@3.2.1@koa-compose\index.js:44:32)
    at next (E:\GitHub\egg-2.x-\node_modules\_koa-compose@3.2.1@koa-compose\index.js:45:18)
    at E:\GitHub\egg-2.x-\node_modules\_@eggjs_router@2.0.0@@eggjs\router\lib\router.js:190:18
    at dispatch (E:\GitHub\egg-2.x-\node_modules\_koa-compose@3.2.1@koa-compose\index.js:44:32)

pid: 9640
hostname: AFOED-904081130

2019-04-15 17:25:58,578 ERROR 9640 [-/127.0.0.1/-/11ms GET /libExtend] nodejs.AssertionError [ERR_ASSERTION]: Can't find libExtend/libExtend.html from E:\GitHub\egg-2.x-\app\view
    at Map.resolve (E:\GitHub\egg-2.x-\node_modules\_egg-view@2.1.2@egg-view\lib\view_manager.js:74:5)
    at <anonymous>
generatedMessage: false
name: "AssertionError [ERR_ASSERTION]"
code: "ERR_ASSERTION"
actual: undefined
expected: true
operator: "=="
pid: 9640
hostname: AFOED-904081130

2019-04-15 17:27:11,488 ERROR 4736 [-/127.0.0.1/-/19ms GET /libExtend] nodejs.AssertionError [ERR_ASSERTION]: Can't find libExtend/libExtend.html from E:\GitHub\egg-2.x-\app\view
    at Map.resolve (E:\GitHub\egg-2.x-\node_modules\_egg-view@2.1.2@egg-view\lib\view_manager.js:74:5)
    at <anonymous>
generatedMessage: false
name: "AssertionError [ERR_ASSERTION]"
code: "ERR_ASSERTION"
actual: undefined
expected: true
operator: "=="
pid: 4736
hostname: AFOED-904081130

2019-04-15 17:27:13,382 ERROR 4736 [-/127.0.0.1/-/1ms GET /libExtend] nodejs.AssertionError [ERR_ASSERTION]: Can't find libExtend/libExtend.html from E:\GitHub\egg-2.x-\app\view
    at Map.resolve (E:\GitHub\egg-2.x-\node_modules\_egg-view@2.1.2@egg-view\lib\view_manager.js:74:5)
    at <anonymous>
generatedMessage: false
name: "AssertionError [ERR_ASSERTION]"
code: "ERR_ASSERTION"
actual: undefined
expected: true
operator: "=="
pid: 4736
hostname: AFOED-904081130

2019-04-15 17:27:33,480 ERROR 4736 [-/127.0.0.1/-/1ms GET /libExtend] nodejs.AssertionError [ERR_ASSERTION]: Can't find libExtend/libExtend.html from E:\GitHub\egg-2.x-\app\view
    at Map.resolve (E:\GitHub\egg-2.x-\node_modules\_egg-view@2.1.2@egg-view\lib\view_manager.js:74:5)
    at <anonymous>
generatedMessage: false
name: "AssertionError [ERR_ASSERTION]"
code: "ERR_ASSERTION"
actual: undefined
expected: true
operator: "=="
pid: 4736
hostname: AFOED-904081130

